2024-03-01 15:51:40:5140 [32minfo[39m: [32mRequest received [object Object][39m
2024-03-01 15:51:44:5144 [32minfo[39m: [32mRequest received [object Object][39m
2024-03-01 15:58:46:5846 [32minfo[39m: [32mRequest received [object Object][39m
2024-03-01 15:59:19:5919 [32minfo[39m: [32mRequest received[39m
2024-03-01 15:59:26:5926 [32minfo[39m: [32mRequest received[39m
2024-03-01 15:59:42:5942 [32minfo[39m: [32mRequest received[39m
2024-03-01 16:00:17:017 [32minfo[39m: [32mRequest received [object Object][39m
2024-03-01 16:00:49:049 [32minfo[39m: [32mRequest received[39m
2024-03-01 16:00:59:059 [32minfo[39m: [32mRequest received[39m
2024-03-01 16:01:35:135 [32minfo[39m: [32mRequest received [object Object][39m
2024-03-01 16:01:54:154 [32minfo[39m: [32mRequest received Tello[39m
2024-03-01 16:02:09:29 [32minfo[39m: [32mRequest received[39m
2024-03-01 16:03:59:359 [32minfo[39m: [32mRequest received /GET[39m
2024-03-01 16:04:34:434 [32minfo[39m: [32mRequest received "[39m
2024-03-01 16:04:36:436 [32minfo[39m: [32mRequest received ""[39m
2024-03-01 16:04:55:455 [32minfo[39m: [32mRequest received /start[39m
2024-03-01 16:11:11:1111 [32minfo[39m: [32mRequest received Test[39m
2024-03-01 16:14:18:1418 [32minfo[39m: [32mRequest received Hello[39m
2024-03-01 16:14:38:1438 [32minfo[39m: [32mRequest received /start[39m
2024-03-01 16:28:35:2835 [32minfo[39m: [32mRequest received /stats[39m
2024-03-01 16:28:38:2838 [32minfo[39m: [32mRequest received /staffs[39m
2024-03-05 11:26:19:2619 [32minfo[39m: [32mRequest received /checkin[39m
2024-03-05 11:26:20:2620 [32minfo[39m: [32mRequest received /checkin[39m
2024-03-05 11:26:20:2620 [32minfo[39m: [32mRequest received /stats[39m
2024-03-05 11:26:20:2620 [32minfo[39m: [32mRequest received /checkin[39m
2024-03-05 11:26:20:2620 [32minfo[39m: [32mRequest received /checkin[39m
2024-03-05 11:26:20:2620 [32minfo[39m: [32mRequest received /checkin[39m
2024-03-05 11:26:27:2627 [32minfo[39m: [32mRequest received /checkin[39m
2024-03-05 11:26:48:2648 [32minfo[39m: [32mRequest received /checkin[39m
2024-03-05 11:26:53:2653 [32minfo[39m: [32mRequest received /start[39m
2024-03-05 11:27:03:273 [32minfo[39m: [32mRequest received /start[39m
2024-03-05 11:27:25:2725 [32minfo[39m: [32mRequest received /checkin[39m
2024-03-05 11:29:03:293 [32minfo[39m: [32mRequest received /checkin[39m
2024-03-05 11:29:29:2929 [32minfo[39m: [32mRequest received /checkin[39m
2024-03-05 11:29:45:2945 [32minfo[39m: [32mRequest received /checkin[39m
2024-03-05 11:29:58:2958 [32minfo[39m: [32mRequest received /checkin[39m
2024-03-05 11:37:20:3720 [32minfo[39m: [32mRequest received /checkin[39m
2024-03-05 11:38:54:3854 [32minfo[39m: [32mRequest received /checkin[39m
2024-03-05 11:38:54:3854 [32minfo[39m: [32mRequest received /checkin[39m
2024-03-05 11:38:55:3855 [32minfo[39m: [32mRequest received /start[39m
2024-03-05 11:38:55:3855 [32minfo[39m: [32mRequest received /checkin[39m
2024-03-05 11:39:02:392 [32minfo[39m: [32mRequest received /checkin[39m
2024-03-05 11:39:19:3919 [32minfo[39m: [32mRequest received /checkin[39m
2024-03-05 16:42:46:4246 [32minfo[39m: [32mRequest received /checkin[39m
2024-03-05 16:43:02:432 [32minfo[39m: [32mRequest received Hello[39m
2024-03-05 16:43:30:4330 [32minfo[39m: [32mRequest received [object Object][39m
2024-03-05 16:43:38:4338 [32minfo[39m: [32mRequest received /checkin[39m
2024-03-05 16:44:36:4436 [32minfo[39m: [32mRequest received c987-203-80-164-124.ngrok-free.app / POST ::1  [object Object][39m
2024-03-05 16:44:59:4459 [32minfo[39m: [32mRequest received c987-203-80-164-124.ngrok-free.app / POST ::1  [object Object][39m
2024-03-05 16:45:01:451 [32minfo[39m: [32mRequest received c987-203-80-164-124.ngrok-free.app / POST ::1  [object Object][39m
2024-03-05 16:45:09:459 [32minfo[39m: [32mRequest received c987-203-80-164-124.ngrok-free.app / POST ::1  [object Object][39m
2024-03-05 16:45:17:4517 [32minfo[39m: [32mRequest received c987-203-80-164-124.ngrok-free.app / POST ::1  /register[39m
2024-03-05 16:46:07:467 [32minfo[39m: [32mRequest received 960366248 /register [39m
2024-03-05 16:46:10:4610 [32minfo[39m: [32mRequest received 960366248 /register [39m
2024-03-05 16:59:37:5937 [32minfo[39m: [32mRequest received 960366248 /start [39m
2024-03-05 17:00:17:017 [32minfo[39m: [32mRequest received 960366248 /start [39m
2024-03-05 17:08:06:86 [32minfo[39m: [32mRequest received 960366248 /start [39m
2024-03-05 17:17:04:174 [32minfo[39m: [32mRequest received 960366248 /start [39m
2024-03-05 17:17:40:1740 [32minfo[39m: [32mRequest received 960366248 /start [39m
2024-03-06 11:50:47:5047 [32minfo[39m: [32mRequest received 960366248 /register [39m
2024-03-06 11:51:18:5118 [32minfo[39m: [32mRequest received 960366248 undefined /register [39m
2024-03-06 11:53:06:536 [32minfo[39m: [32mRequest received Chea undefined /register [39m
2024-03-06 11:53:27:5327 [32minfo[39m: [32mRequest received 960366248 cheakit7 /register [39m
2024-03-06 11:54:55:5455 [32minfo[39m: [32mRequest received 960366248 Chea Kit cheakit7 undefined /register [39m
2024-03-06 11:55:39:5539 [32minfo[39m: [32mRequest received 960366248 Chea Kit cheakit7 undefined 1709700938 /register [39m
2024-03-06 11:55:55:5555 [32minfo[39m: [32mRequest received 960366248 Chea Kit cheakit7 undefined 1709700954 /register [39m
2024-03-06 11:56:55:5655 [32minfo[39m: [32mRequest received 960366248 Chea Kit cheakit7 [object Object] 1709701014 /register [39m
2024-03-06 11:57:23:5723 [32minfo[39m: [32mRequest received 960366248 960366248 1709701043 /register [39m
2024-03-06 11:57:59:5759 [32minfo[39m: [32mRequest received 960366248 Chea Kit cheakit7 1709701079 /register [39m
2024-03-06 12:09:11:911 [32minfo[39m: [32mRequest received 960366248 Chea Kit cheakit7 1709701751 undefined [39m
2024-03-06 13:34:28:3428 [32minfo[39m: [32mRequest received 960366248 Chea Kit cheakit7 1709706868 undefined [39m
2024-03-06 13:35:13:3513 [32minfo[39m: [32mRequest received 960366248 Chea Kit cheakit7 1709706913 undefined [39m
2024-03-06 13:35:39:3539 [32minfo[39m: [32mRequest received 960366248 Chea Kit cheakit7 1709706939 undefined [39m
2024-03-06 13:36:37:3637 [32minfo[39m: [32mRequest received 960366248 Chea Kit cheakit7 1709706997 undefined [39m
2024-03-06 13:37:54:3754 [32minfo[39m: [32mRequest received 960366248 Chea Kit cheakit7 1709707074 undefined [39m
2024-03-06 13:38:45:3845 [32minfo[39m: [32mRequest received 960366248 Chea Kit cheakit7 1709707125 undefined [39m
2024-03-06 13:41:24:4124 [32minfo[39m: [32mRequest received 960366248 Chea Kit cheakit7 1709707284 undefined [39m
2024-03-06 13:41:51:4151 [32minfo[39m: [32mRequest received 960366248 Chea Kit cheakit7 1709707311 undefined [39m
2024-03-06 13:42:42:4242 [32minfo[39m: [32mRequest received 960366248 Chea Kit cheakit7 1709707362 undefined [39m
2024-03-06 13:42:59:4259 [32minfo[39m: [32mRequest received 960366248 Chea Kit cheakit7 1709707379 undefined [39m
2024-03-06 13:43:37:4337 [32minfo[39m: [32mRequest received 960366248 Chea Kit cheakit7 1709707417 undefined [39m
2024-03-06 13:43:48:4348 [32minfo[39m: [32mRequest received 960366248 Chea Kit cheakit7 1709707427 undefined [39m
2024-03-06 13:44:39:4439 [32minfo[39m: [32mRequest received 960366248 Chea Kit cheakit7 1709707479 undefined [39m
2024-03-06 13:44:51:4451 [32minfo[39m: [32mRequest received 960366248 Chea Kit cheakit7 1709707491 undefined [39m
2024-03-06 13:45:34:4534 [32minfo[39m: [32mRequest received 960366248 Chea Kit cheakit7 1709707533 undefined [39m
2024-03-06 13:45:44:4544 [32minfo[39m: [32mRequest received 960366248 Chea Kit cheakit7 1709707544 undefined [39m
2024-03-06 13:46:08:468 [32minfo[39m: [32mRequest received 960366248 Chea Kit cheakit7 1709707567 undefined [39m
2024-03-06 13:46:52:4652 [32minfo[39m: [32mRequest received 960366248 Chea Kit cheakit7 1709707611 undefined [39m
2024-03-06 13:47:02:472 [32minfo[39m: [32mRequest received 960366248 Chea Kit cheakit7 1709707622 undefined [39m
2024-03-06 13:47:11:4711 [32minfo[39m: [32mRequest received 960366248 Chea Kit cheakit7 1709707631 undefined [39m
2024-03-06 13:47:41:4741 [32minfo[39m: [32mRequest received 960366248 Chea Kit cheakit7 1709707661 undefined [39m
2024-03-06 13:49:09:499 [32minfo[39m: [32mRequest received 960366248 Chea Kit cheakit7 1709707749 undefined [39m
2024-03-06 13:51:58:5158 [32minfo[39m: [32mRequest received 960366248 Chea Kit cheakit7 1709707918 /checkin [39m
2024-03-06 13:52:46:5246 [32minfo[39m: [32mRequest received 960366248 Chea Kit cheakit7 1709707965 /checkin [39m
2024-03-06 13:56:43:5643 [32minfo[39m: [32mRequest received 960366248 Chea Kit cheakit7 1709708203 /checkin [39m
2024-03-06 13:56:59:5659 [32minfo[39m: [32mRequest received 960366248 Chea Kit cheakit7 1709708219 /checkin [39m
2024-03-06 14:01:30:130 [32minfo[39m: [32mRequest received 960366248 Chea Kit cheakit7 1709708490 /checkin [39m
2024-03-06 14:08:15:815 [32minfo[39m: [32mServer is running on port 3000[39m
2024-03-06 14:08:23:823 [32minfo[39m: [32mServer is running on port 3000[39m
2024-03-06 14:09:32:932 [32minfo[39m: [32mServer is running on port 3000[39m
2024-03-06 14:16:14:1614 [32minfo[39m: [32mServer is running on port 3000[39m
2024-03-06 14:16:17:1617 [32minfo[39m: [32mServer is running on port 3000[39m
2024-03-06 14:16:42:1642 [32minfo[39m: [32mServer is running on port 3000[39m
2024-03-06 14:16:43:1643 [32minfo[39m: [32mRequest received 960366248 Chea Kit cheakit7 1709709380 /checkin [39m
2024-03-06 14:16:54:1654 [32minfo[39m: [32mServer is running on port 3000[39m
2024-03-06 14:17:01:171 [32minfo[39m: [32mRequest received 960366248 Chea Kit cheakit7 1709709421 /checkin [39m
2024-03-06 14:17:23:1723 [32minfo[39m: [32mServer is running on port 3000[39m
2024-03-06 14:17:25:1725 [32minfo[39m: [32mServer is running on port 3000[39m
2024-03-06 14:17:26:1726 [32minfo[39m: [32mServer is running on port 3000[39m
2024-03-06 14:17:28:1728 [32minfo[39m: [32mServer is running on port 3000[39m
2024-03-06 14:17:33:1733 [32minfo[39m: [32mServer is running on port 3000[39m
2024-03-06 14:17:36:1736 [32minfo[39m: [32mRequest received 960366248 Chea Kit cheakit7 1709709456 /checkin [39m
2024-03-06 14:17:43:1743 [32minfo[39m: [32mServer is running on port 3000[39m
2024-03-06 14:18:03:183 [32minfo[39m: [32mServer is running on port 3000[39m
2024-03-06 14:18:06:186 [32minfo[39m: [32mServer is running on port 3000[39m
2024-03-06 14:18:20:1820 [32minfo[39m: [32mServer is running on port 3000[39m
2024-03-06 14:18:25:1825 [32minfo[39m: [32mRequest received 960366248 Chea Kit cheakit7 1709709505 /checkin [39m
2024-03-06 14:18:39:1839 [32minfo[39m: [32mServer is running on port 3000[39m
2024-03-06 14:18:58:1858 [32minfo[39m: [32mServer is running on port 3000[39m
2024-03-06 14:19:01:191 [32minfo[39m: [32mServer is running on port 3000[39m
2024-03-06 14:22:21:2221 [32minfo[39m: [32mServer is running on port 3000[39m
2024-03-06 14:22:57:2257 [32minfo[39m: [32mServer is running on port 3000[39m
2024-03-06 14:23:00:230 [32minfo[39m: [32mServer is running on port 3000[39m
2024-03-06 14:23:24:2324 [32minfo[39m: [32mServer is running on port 3000[39m
2024-03-06 14:26:57:2657 [32minfo[39m: [32mServer is running on port 3000[39m
2024-03-06 14:27:00:270 [32minfo[39m: [32mServer is running on port 3000[39m
2024-03-06 14:27:23:2723 [32minfo[39m: [32mServer is running on port 3000[39m
2024-03-06 14:27:25:2725 [32minfo[39m: [32mServer is running on port 3000[39m
2024-03-06 14:27:31:2731 [32minfo[39m: [32mServer is running on port 3000[39m
2024-03-06 14:27:51:2751 [32minfo[39m: [32mServer is running on port 3000[39m
2024-03-06 14:27:58:2758 [32minfo[39m: [32mRequest received 960366248 Chea Kit cheakit7 1709710078 /checkin [39m
2024-03-06 14:28:20:2820 [32minfo[39m: [32mServer is running on port 3000[39m
2024-03-06 14:28:23:2823 [32minfo[39m: [32mServer is running on port 3000[39m
2024-03-06 14:28:29:2829 [32minfo[39m: [32mRequest received 960366248 Chea Kit cheakit7 1709710109 /checkin [39m
2024-03-06 14:28:51:2851 [32minfo[39m: [32mServer is running on port 3000[39m
2024-03-06 14:28:53:2853 [32minfo[39m: [32mServer is running on port 3000[39m
2024-03-06 14:29:29:2929 [32minfo[39m: [32mServer is running on port 3000[39m
2024-03-06 14:29:33:2933 [32minfo[39m: [32mRequest received 960366248 Chea Kit cheakit7 1709710172 /checkin [39m
2024-03-06 16:43:36:4336 [32minfo[39m: [32mServer is running on port 3000[39m
2024-03-06 16:44:38:4438 [32minfo[39m: [32mRequest received 960366248 Chea Kit cheakit7 1709718277 /checkin [39m
2024-03-06 16:47:49:4749 [32minfo[39m: [32mServer is running on port 3000[39m
2024-03-06 16:48:46:4846 [32minfo[39m: [32mServer is running on port 3000[39m
2024-03-06 16:49:47:4947 [32minfo[39m: [32mServer is running on port 3000[39m
2024-03-06 16:51:32:5132 [32minfo[39m: [32mServer is running on port 3000[39m
2024-03-06 16:51:33:5133 [32minfo[39m: [32mServer is running on port 3000[39m
2024-03-06 16:52:01:521 [32minfo[39m: [32mServer is running on port 3000[39m
2024-03-06 17:01:17:117 [32minfo[39m: [32mRequest received 960366248 Chea Kit cheakit7 1709719277 /test [39m
2024-03-06 17:01:28:128 [32minfo[39m: [32mServer is running on port 3000[39m
2024-03-06 17:01:30:130 [32minfo[39m: [32mRequest received 960366248 Chea Kit cheakit7 1709719290 /test [39m
2024-03-06 17:05:41:541 [32minfo[39m: [32mRequest received 960366248 Chea Kit cheakit7 1709719541 /checkin [39m
